16:51:02 **** Incremental Build of configuration Debug for project ex1 ****
make all 
Building file: ../ex1.c
Invoking: AVR Compiler
avr-gcc -Wall -g2 -gstabs -O0 -fpack-struct -fshort-enums -ffunction-sections -fdata-sections -std=gnu99 -funsigned-char -funsigned-bitfields -mmcu=atmega16 -DF_CPU=1000000UL -MMD -MP -MF"ex1.d" -MT"ex1.o" -c -o "ex1.o" "../ex1.c"
../ex1.c: In function 'main':
../ex1.c:15: error: called object '1' is not a function
../ex1.c:19: error: called object '2' is not a function
make: *** [ex1.o] Error 1

16:51:02 Build Failed. 3 errors, 0 warnings. (took 489ms)

